Sat 09 May 2026 15:16:43 INFO  
General Hyper Parameters:
gpu_id = 0
use_gpu = True
seed = 2020
state = INFO
reproducibility = True
data_path = dataset/baby_modern_raw_unzip
checkpoint_dir = saved
show_progress = True
save_dataset = False
dataset_save_path = None
save_dataloaders = False
dataloaders_save_path = None
log_wandb = False

Training Hyper Parameters:
epochs = 10
train_batch_size = 512
learner = adam
learning_rate = 0.0003
train_neg_sample_args = {'distribution': 'none', 'sample_num': 'none', 'alpha': 'none', 'dynamic': False, 'candidate_num': 0}
eval_step = 1
stopping_step = 10
clip_grad_norm = None
weight_decay = 1e-05
loss_decimal_place = 4

Evaluation Hyper Parameters:
eval_args = {'split': {'LS': 'valid_and_test'}, 'order': 'TO', 'group_by': 'user', 'mode': {'valid': 'full', 'test': 'full'}}
repeatable = True
metrics = ['Recall', 'NDCG']
topk = [5, 10, 20, 50]
valid_metric = Recall@5
valid_metric_bigger = True
eval_batch_size = 1024
metric_decimal_place = 4

Dataset Hyper Parameters:
field_separator = 	
seq_separator =  
USER_ID_FIELD = user_id
ITEM_ID_FIELD = item_id
RATING_FIELD = rating
TIME_FIELD = timestamp
seq_len = None
LABEL_FIELD = label
threshold = None
NEG_PREFIX = neg_
load_col = {'inter': ['user_id', 'item_id_list', 'item_id']}
unload_col = None
unused_col = None
additional_feat_suffix = None
rm_dup_inter = None
val_interval = None
filter_inter_by_user_or_item = True
user_inter_num_interval = [0,inf)
item_inter_num_interval = [0,inf)
alias_of_user_id = None
alias_of_item_id = ['item_id_list']
alias_of_entity_id = None
alias_of_relation_id = None
preload_weight = None
normalize_field = None
normalize_all = None
ITEM_LIST_LENGTH_FIELD = item_length
LIST_SUFFIX = _list
MAX_ITEM_LIST_LENGTH = 123
POSITION_FIELD = position_id
HEAD_ENTITY_ID_FIELD = head_id
TAIL_ENTITY_ID_FIELD = tail_id
RELATION_ID_FIELD = relation_id
ENTITY_ID_FIELD = entity_id
benchmark_filename = ['train', 'valid', 'test']

Other Hyper Parameters: 
worker = 0
wandb_project = recbole
shuffle = True
require_pow = False
enable_amp = False
enable_scaler = False
transform = None
numerical_features = []
discretization = None
kg_reverse_r = False
entity_kg_num_interval = [0,inf)
relation_kg_num_interval = [0,inf)
MODEL_TYPE = ModelType.SEQUENTIAL
n_layers = 2
n_heads = 4
hidden_size = 300
inner_size = 600
hidden_dropout_prob = 0.4
attn_dropout_prob = 0.4
hidden_act = gelu
layer_norm_eps = 1e-12
initializer_range = 0.02
loss_type = CE
means_k = 50
knn_k = 10
bal = 5
miu_c = 0.3
miu_m = 2.5
mb = 0.1
item_drop_ratio = 0.1
item_drop_coefficient = 0.9
lambda = 0.001
gamma = 0.0001
text_suffix = text
image_suffix = image
text_size = 768
image_size = 768
temperature = 0.07
neg_sampling = None
log_prefix = 
log_suffix = 
interest_ratio = 0.5
knn_local_ratio = 0.1
fix_enc = True
MODEL_INPUT_TYPE = InputType.POINTWISE
eval_type = EvaluatorType.RANKING
single_spec = True
local_rank = 0
device = cuda
valid_neg_sample_args = {'distribution': 'uniform', 'sample_num': 'none'}
test_neg_sample_args = {'distribution': 'uniform', 'sample_num': 'none'}


Sat 09 May 2026 15:16:45 INFO  baby_modern_raw_unzip
The number of users: 19358
Average actions of users: 7.2696698868626335
The number of items: 7016
Average actions of items: 20.059729151817535
The number of inters: 140719
The sparsity of the dataset: 99.89638976128008%
Remain Fields: ['user_id', 'item_id_list', 'item_id', 'item_length']
Sat 09 May 2026 15:16:47 INFO  [Training]: train_batch_size = [512] train_neg_sample_args: [{'distribution': 'none', 'sample_num': 'none', 'alpha': 'none', 'dynamic': False, 'candidate_num': 0}]
Sat 09 May 2026 15:16:47 INFO  [Evaluation]: eval_batch_size = [1024] eval_args: [{'split': {'LS': 'valid_and_test'}, 'order': 'TO', 'group_by': 'user', 'mode': {'valid': 'full', 'test': 'full'}}]
Sat 09 May 2026 15:17:27 INFO  SGP(
  (pos_emb): Embedding(123, 300)
  (emb_dropout): Dropout(p=0.4, inplace=False)
  (last_layernorm): LayerNorm((300,), eps=1e-08, elementwise_affine=True)
  (item_embedding): Embedding(7016, 300, padding_idx=0)
  (aug_nce_fct): CrossEntropyLoss()
  (sem_aug_nce_fct): CrossEntropyLoss()
  (LayerNorm): LayerNorm((300,), eps=1e-12, elementwise_affine=True)
  (attention_layernorms): ModuleList(
    (0-1): 2 x LayerNorm((300,), eps=1e-08, elementwise_affine=True)
  )
  (attention_layers): ModuleList(
    (0-1): 2 x MultiheadAttention(
      (out_proj): NonDynamicallyQuantizableLinear(in_features=300, out_features=300, bias=True)
    )
  )
  (forward_layernorms): ModuleList(
    (0-1): 2 x LayerNorm((300,), eps=1e-08, elementwise_affine=True)
  )
  (forward_layers): ModuleList(
    (0-1): 2 x PointWiseFeedForward(
      (conv1): Conv1d(300, 300, kernel_size=(1,), stride=(1,))
      (dropout1): Dropout(p=0.4, inplace=False)
      (relu): ReLU()
      (conv2): Conv1d(300, 300, kernel_size=(1,), stride=(1,))
      (dropout2): Dropout(p=0.4, inplace=False)
    )
  )
  (image_embedding): Embedding(7016, 768, padding_idx=0)
  (text_embedding): Embedding(7016, 768, padding_idx=0)
  (loss_fct): CrossEntropyLoss()
)
Trainable parameters: 3228900
Sat 09 May 2026 15:22:15 INFO  epoch 0 training [time: 286.42s, train loss: 3376.7895]
Sat 09 May 2026 15:22:32 INFO  epoch 0 evaluating [time: 17.27s, valid_score: 0.022100]
Sat 09 May 2026 15:22:32 INFO  valid result: 
recall@5 : 0.0221    recall@10 : 0.0341    recall@20 : 0.0559    recall@50 : 0.1022    ndcg@5 : 0.0143    ndcg@10 : 0.0182    ndcg@20 : 0.0237    ndcg@50 : 0.0328
Sat 09 May 2026 15:22:32 INFO  Saving current: saved/SGP-May-09-2026_15-17-27.pth
Sat 09 May 2026 15:27:22 INFO  epoch 1 training [time: 289.86s, train loss: 3238.1322]
Sat 09 May 2026 15:27:39 INFO  epoch 1 evaluating [time: 17.15s, valid_score: 0.030300]
Sat 09 May 2026 15:27:39 INFO  valid result: 
recall@5 : 0.0303    recall@10 : 0.0493    recall@20 : 0.0763    recall@50 : 0.1349    ndcg@5 : 0.0198    ndcg@10 : 0.0259    ndcg@20 : 0.0327    ndcg@50 : 0.0442
Sat 09 May 2026 15:27:39 INFO  Saving current: saved/SGP-May-09-2026_15-17-27.pth
Sat 09 May 2026 15:32:29 INFO  epoch 2 training [time: 289.50s, train loss: 3146.7931]
Sat 09 May 2026 15:32:46 INFO  epoch 2 evaluating [time: 17.15s, valid_score: 0.034700]
Sat 09 May 2026 15:32:46 INFO  valid result: 
recall@5 : 0.0347    recall@10 : 0.0577    recall@20 : 0.0878    recall@50 : 0.1476    ndcg@5 : 0.0228    ndcg@10 : 0.0302    ndcg@20 : 0.0378    ndcg@50 : 0.0495
Sat 09 May 2026 15:32:46 INFO  Saving current: saved/SGP-May-09-2026_15-17-27.pth
Sat 09 May 2026 15:37:35 INFO  epoch 3 training [time: 289.37s, train loss: 3079.8570]
Sat 09 May 2026 15:37:52 INFO  epoch 3 evaluating [time: 17.11s, valid_score: 0.039800]
Sat 09 May 2026 15:37:52 INFO  valid result: 
recall@5 : 0.0398    recall@10 : 0.0616    recall@20 : 0.0942    recall@50 : 0.1566    ndcg@5 : 0.0256    ndcg@10 : 0.0326    ndcg@20 : 0.0408    ndcg@50 : 0.0531
Sat 09 May 2026 15:37:53 INFO  Saving current: saved/SGP-May-09-2026_15-17-27.pth
Sat 09 May 2026 15:42:42 INFO  epoch 4 training [time: 289.28s, train loss: 3023.5866]
Sat 09 May 2026 15:42:59 INFO  epoch 4 evaluating [time: 17.09s, valid_score: 0.042300]
Sat 09 May 2026 15:42:59 INFO  valid result: 
recall@5 : 0.0423    recall@10 : 0.0637    recall@20 : 0.0989    recall@50 : 0.1619    ndcg@5 : 0.0269    ndcg@10 : 0.0339    ndcg@20 : 0.0427    ndcg@50 : 0.0552
Sat 09 May 2026 15:42:59 INFO  Saving current: saved/SGP-May-09-2026_15-17-27.pth
Sat 09 May 2026 15:47:48 INFO  epoch 5 training [time: 289.23s, train loss: 2973.8003]
Sat 09 May 2026 15:48:06 INFO  epoch 5 evaluating [time: 17.11s, valid_score: 0.042600]
Sat 09 May 2026 15:48:06 INFO  valid result: 
recall@5 : 0.0426    recall@10 : 0.0677    recall@20 : 0.1018    recall@50 : 0.1667    ndcg@5 : 0.0273    ndcg@10 : 0.0354    ndcg@20 : 0.0439    ndcg@50 : 0.0567
Sat 09 May 2026 15:48:06 INFO  Saving current: saved/SGP-May-09-2026_15-17-27.pth
Sat 09 May 2026 15:52:55 INFO  epoch 6 training [time: 289.28s, train loss: 2927.4428]
Sat 09 May 2026 15:53:12 INFO  epoch 6 evaluating [time: 17.12s, valid_score: 0.043100]
Sat 09 May 2026 15:53:12 INFO  valid result: 
recall@5 : 0.0431    recall@10 : 0.0694    recall@20 : 0.1041    recall@50 : 0.1684    ndcg@5 : 0.027    ndcg@10 : 0.0355    ndcg@20 : 0.0442    ndcg@50 : 0.0569
Sat 09 May 2026 15:53:12 INFO  Saving current: saved/SGP-May-09-2026_15-17-27.pth
Sat 09 May 2026 15:58:02 INFO  epoch 7 training [time: 289.25s, train loss: 2883.5711]
Sat 09 May 2026 15:58:19 INFO  epoch 7 evaluating [time: 17.22s, valid_score: 0.044100]
Sat 09 May 2026 15:58:19 INFO  valid result: 
recall@5 : 0.0441    recall@10 : 0.0678    recall@20 : 0.1032    recall@50 : 0.166    ndcg@5 : 0.0273    ndcg@10 : 0.0349    ndcg@20 : 0.0438    ndcg@50 : 0.0562
Sat 09 May 2026 15:58:19 INFO  Saving current: saved/SGP-May-09-2026_15-17-27.pth
Sat 09 May 2026 16:03:08 INFO  epoch 8 training [time: 289.28s, train loss: 2843.1526]
Sat 09 May 2026 16:03:25 INFO  epoch 8 evaluating [time: 17.11s, valid_score: 0.044300]
Sat 09 May 2026 16:03:25 INFO  valid result: 
recall@5 : 0.0443    recall@10 : 0.0706    recall@20 : 0.1022    recall@50 : 0.1675    ndcg@5 : 0.0271    ndcg@10 : 0.0355    ndcg@20 : 0.0435    ndcg@50 : 0.0564
Sat 09 May 2026 16:03:26 INFO  Saving current: saved/SGP-May-09-2026_15-17-27.pth
Sat 09 May 2026 16:08:15 INFO  epoch 9 training [time: 289.03s, train loss: 2805.0712]
Sat 09 May 2026 16:08:32 INFO  epoch 9 evaluating [time: 17.11s, valid_score: 0.044100]
Sat 09 May 2026 16:08:32 INFO  valid result: 
recall@5 : 0.0441    recall@10 : 0.0692    recall@20 : 0.1024    recall@50 : 0.1674    ndcg@5 : 0.0271    ndcg@10 : 0.0352    ndcg@20 : 0.0436    ndcg@50 : 0.0564
Sat 09 May 2026 16:08:32 INFO  Loading model structure and parameters from saved/SGP-May-09-2026_15-17-27.pth
Sat 09 May 2026 16:08:49 INFO  best valid : OrderedDict({'recall@5': np.float64(0.0443), 'recall@10': np.float64(0.0706), 'recall@20': np.float64(0.1022), 'recall@50': np.float64(0.1675), 'ndcg@5': np.float64(0.0271), 'ndcg@10': np.float64(0.0355), 'ndcg@20': np.float64(0.0435), 'ndcg@50': np.float64(0.0564)})
Sat 09 May 2026 16:08:49 INFO  test result: OrderedDict({'recall@5': np.float64(0.0355), 'recall@10': np.float64(0.0576), 'recall@20': np.float64(0.0848), 'recall@50': np.float64(0.1404), 'ndcg@5': np.float64(0.0229), 'ndcg@10': np.float64(0.0301), 'ndcg@20': np.float64(0.0369), 'ndcg@50': np.float64(0.0479)})
Sat 09 May 2026 16:08:49 INFO  Write log to /kaggle/SGP4SR/log/SGP/SGP-baby_modern_raw_unzip-May-09-2026_15-16-43-9d0c6c.log
Sat 09 May 2026 16:08:49 INFO  Results saved to results/SGP-baby_modern_raw_unzip-2026-05-09_16-08-49.json
