Sat 09 May 2026 13:42:25 INFO  
General Hyper Parameters:
gpu_id = 0
use_gpu = True
seed = 2020
state = INFO
reproducibility = True
data_path = dataset/baby_modern_raw_unzip
checkpoint_dir = saved
show_progress = True
save_dataset = False
dataset_save_path = None
save_dataloaders = False
dataloaders_save_path = None
log_wandb = False

Training Hyper Parameters:
epochs = 30
train_batch_size = 512
learner = adam
learning_rate = 0.001
train_neg_sample_args = {'distribution': 'none', 'sample_num': 'none', 'alpha': 'none', 'dynamic': False, 'candidate_num': 0}
eval_step = 1
stopping_step = 9
clip_grad_norm = None
weight_decay = 0.0
loss_decimal_place = 4

Evaluation Hyper Parameters:
eval_args = {'split': {'LS': 'valid_and_test'}, 'order': 'TO', 'group_by': 'user', 'mode': {'valid': 'full', 'test': 'full'}}
repeatable = True
metrics = ['Recall', 'NDCG']
topk = [5, 10, 20, 50]
valid_metric = Recall@5
valid_metric_bigger = True
eval_batch_size = 1024
metric_decimal_place = 4

Dataset Hyper Parameters:
field_separator = 	
seq_separator =  
USER_ID_FIELD = user_id
ITEM_ID_FIELD = item_id
RATING_FIELD = rating
TIME_FIELD = timestamp
seq_len = None
LABEL_FIELD = label
threshold = None
NEG_PREFIX = neg_
load_col = {'inter': ['user_id', 'item_id_list', 'item_id']}
unload_col = None
unused_col = None
additional_feat_suffix = None
rm_dup_inter = None
val_interval = None
filter_inter_by_user_or_item = True
user_inter_num_interval = [0,inf)
item_inter_num_interval = [0,inf)
alias_of_user_id = None
alias_of_item_id = ['item_id_list']
alias_of_entity_id = None
alias_of_relation_id = None
preload_weight = None
normalize_field = None
normalize_all = None
ITEM_LIST_LENGTH_FIELD = item_length
LIST_SUFFIX = _list
MAX_ITEM_LIST_LENGTH = 50
POSITION_FIELD = position_id
HEAD_ENTITY_ID_FIELD = head_id
TAIL_ENTITY_ID_FIELD = tail_id
RELATION_ID_FIELD = relation_id
ENTITY_ID_FIELD = entity_id
benchmark_filename = ['train', 'valid', 'test']

Other Hyper Parameters: 
worker = 0
wandb_project = recbole
shuffle = True
require_pow = False
enable_amp = False
enable_scaler = False
transform = None
numerical_features = []
discretization = None
kg_reverse_r = False
entity_kg_num_interval = [0,inf)
relation_kg_num_interval = [0,inf)
MODEL_TYPE = ModelType.SEQUENTIAL
n_layers = 2
n_heads = 4
hidden_size = 300
inner_size = 600
hidden_dropout_prob = 0.3
attn_dropout_prob = 0.3
hidden_act = gelu
layer_norm_eps = 1e-12
initializer_range = 0.02
loss_type = CE
means_k = 50
knn_k = 10
bal = 5
miu_c = 0.3
miu_m = 2.5
mb = 0.1
item_drop_ratio = 0.1
item_drop_coefficient = 0.9
lambda = 0.001
gamma = 0.0001
text_suffix = text
image_suffix = image
text_size = 768
image_size = 768
temperature = 0.07
neg_sampling = None
log_prefix = 
log_suffix = 
interest_ratio = 0.5
knn_local_ratio = 0.1
fix_enc = True
MODEL_INPUT_TYPE = InputType.POINTWISE
eval_type = EvaluatorType.RANKING
single_spec = True
local_rank = 0
device = cuda
valid_neg_sample_args = {'distribution': 'uniform', 'sample_num': 'none'}
test_neg_sample_args = {'distribution': 'uniform', 'sample_num': 'none'}


Sat 09 May 2026 13:42:27 INFO  baby_modern_raw_unzip
The number of users: 19358
Average actions of users: 7.2696698868626335
The number of items: 7016
Average actions of items: 20.059729151817535
The number of inters: 140719
The sparsity of the dataset: 99.89638976128008%
Remain Fields: ['user_id', 'item_id_list', 'item_id', 'item_length']
Sat 09 May 2026 13:42:29 INFO  [Training]: train_batch_size = [512] train_neg_sample_args: [{'distribution': 'none', 'sample_num': 'none', 'alpha': 'none', 'dynamic': False, 'candidate_num': 0}]
Sat 09 May 2026 13:42:29 INFO  [Evaluation]: eval_batch_size = [1024] eval_args: [{'split': {'LS': 'valid_and_test'}, 'order': 'TO', 'group_by': 'user', 'mode': {'valid': 'full', 'test': 'full'}}]
Sat 09 May 2026 13:42:29 WARNING  Detected item_id_list padded length 123 > MAX_ITEM_LIST_LENGTH 50. Auto-updating MAX_ITEM_LIST_LENGTH to 123 to avoid position-embedding OOB.
Sat 09 May 2026 13:43:10 INFO  SGP(
  (pos_emb): Embedding(123, 300)
  (emb_dropout): Dropout(p=0.3, inplace=False)
  (last_layernorm): LayerNorm((300,), eps=1e-08, elementwise_affine=True)
  (item_embedding): Embedding(7016, 300, padding_idx=0)
  (aug_nce_fct): CrossEntropyLoss()
  (sem_aug_nce_fct): CrossEntropyLoss()
  (LayerNorm): LayerNorm((300,), eps=1e-12, elementwise_affine=True)
  (attention_layernorms): ModuleList(
    (0-1): 2 x LayerNorm((300,), eps=1e-08, elementwise_affine=True)
  )
  (attention_layers): ModuleList(
    (0-1): 2 x MultiheadAttention(
      (out_proj): NonDynamicallyQuantizableLinear(in_features=300, out_features=300, bias=True)
    )
  )
  (forward_layernorms): ModuleList(
    (0-1): 2 x LayerNorm((300,), eps=1e-08, elementwise_affine=True)
  )
  (forward_layers): ModuleList(
    (0-1): 2 x PointWiseFeedForward(
      (conv1): Conv1d(300, 300, kernel_size=(1,), stride=(1,))
      (dropout1): Dropout(p=0.3, inplace=False)
      (relu): ReLU()
      (conv2): Conv1d(300, 300, kernel_size=(1,), stride=(1,))
      (dropout2): Dropout(p=0.3, inplace=False)
    )
  )
  (image_embedding): Embedding(7016, 768, padding_idx=0)
  (text_embedding): Embedding(7016, 768, padding_idx=0)
  (loss_fct): CrossEntropyLoss()
)
Trainable parameters: 3228900
Sat 09 May 2026 13:47:58 INFO  epoch 0 training [time: 286.76s, train loss: 3280.0407]
Sat 09 May 2026 13:48:15 INFO  epoch 0 evaluating [time: 17.26s, valid_score: 0.034300]
Sat 09 May 2026 13:48:15 INFO  valid result: 
recall@5 : 0.0343    recall@10 : 0.0543    recall@20 : 0.0864    recall@50 : 0.1445    ndcg@5 : 0.0221    ndcg@10 : 0.0286    ndcg@20 : 0.0367    ndcg@50 : 0.0481
Sat 09 May 2026 13:48:15 INFO  Saving current: saved/SGP-May-09-2026_13-43-10.pth
Sat 09 May 2026 13:53:04 INFO  epoch 1 training [time: 289.10s, train loss: 3082.1488]
Sat 09 May 2026 13:53:21 INFO  epoch 1 evaluating [time: 17.07s, valid_score: 0.040700]
Sat 09 May 2026 13:53:21 INFO  valid result: 
recall@5 : 0.0407    recall@10 : 0.0651    recall@20 : 0.1    recall@50 : 0.1636    ndcg@5 : 0.0259    ndcg@10 : 0.0338    ndcg@20 : 0.0426    ndcg@50 : 0.0551
Sat 09 May 2026 13:53:22 INFO  Saving current: saved/SGP-May-09-2026_13-43-10.pth
Sat 09 May 2026 13:58:11 INFO  epoch 2 training [time: 288.92s, train loss: 2966.1518]
Sat 09 May 2026 13:58:28 INFO  epoch 2 evaluating [time: 17.09s, valid_score: 0.042400]
Sat 09 May 2026 13:58:28 INFO  valid result: 
recall@5 : 0.0424    recall@10 : 0.0665    recall@20 : 0.1008    recall@50 : 0.1659    ndcg@5 : 0.0264    ndcg@10 : 0.0341    ndcg@20 : 0.0428    ndcg@50 : 0.0556
Sat 09 May 2026 13:58:28 INFO  Saving current: saved/SGP-May-09-2026_13-43-10.pth
Sat 09 May 2026 14:03:17 INFO  epoch 3 training [time: 288.84s, train loss: 2873.5328]
Sat 09 May 2026 14:03:34 INFO  epoch 3 evaluating [time: 17.09s, valid_score: 0.041500]
Sat 09 May 2026 14:03:34 INFO  valid result: 
recall@5 : 0.0415    recall@10 : 0.0664    recall@20 : 0.0992    recall@50 : 0.1648    ndcg@5 : 0.0248    ndcg@10 : 0.0328    ndcg@20 : 0.0411    ndcg@50 : 0.0541
Sat 09 May 2026 14:08:23 INFO  epoch 4 training [time: 288.86s, train loss: 2799.2993]
Sat 09 May 2026 14:08:40 INFO  epoch 4 evaluating [time: 17.04s, valid_score: 0.040800]
Sat 09 May 2026 14:08:40 INFO  valid result: 
recall@5 : 0.0408    recall@10 : 0.067    recall@20 : 0.0977    recall@50 : 0.1622    ndcg@5 : 0.0238    ndcg@10 : 0.0322    ndcg@20 : 0.04    ndcg@50 : 0.0527
Sat 09 May 2026 14:13:28 INFO  epoch 5 training [time: 288.77s, train loss: 2736.7254]
Sat 09 May 2026 14:13:46 INFO  epoch 5 evaluating [time: 17.08s, valid_score: 0.041200]
Sat 09 May 2026 14:13:46 INFO  valid result: 
recall@5 : 0.0412    recall@10 : 0.0656    recall@20 : 0.0962    recall@50 : 0.1615    ndcg@5 : 0.0238    ndcg@10 : 0.0317    ndcg@20 : 0.0394    ndcg@50 : 0.0522
Sat 09 May 2026 14:18:34 INFO  epoch 6 training [time: 288.84s, train loss: 2680.8902]
Sat 09 May 2026 14:18:51 INFO  epoch 6 evaluating [time: 17.04s, valid_score: 0.041300]
Sat 09 May 2026 14:18:51 INFO  valid result: 
recall@5 : 0.0413    recall@10 : 0.0642    recall@20 : 0.0954    recall@50 : 0.1575    ndcg@5 : 0.0242    ndcg@10 : 0.0315    ndcg@20 : 0.0394    ndcg@50 : 0.0516
Sat 09 May 2026 14:23:40 INFO  epoch 7 training [time: 288.80s, train loss: 2629.4678]
Sat 09 May 2026 14:23:57 INFO  epoch 7 evaluating [time: 17.06s, valid_score: 0.039700]
Sat 09 May 2026 14:23:57 INFO  valid result: 
recall@5 : 0.0397    recall@10 : 0.0631    recall@20 : 0.0943    recall@50 : 0.155    ndcg@5 : 0.0232    ndcg@10 : 0.0307    ndcg@20 : 0.0385    ndcg@50 : 0.0504
Sat 09 May 2026 14:28:46 INFO  epoch 8 training [time: 288.86s, train loss: 2587.0026]
Sat 09 May 2026 14:29:03 INFO  epoch 8 evaluating [time: 17.07s, valid_score: 0.039500]
Sat 09 May 2026 14:29:03 INFO  valid result: 
recall@5 : 0.0395    recall@10 : 0.063    recall@20 : 0.0934    recall@50 : 0.1544    ndcg@5 : 0.0233    ndcg@10 : 0.0309    ndcg@20 : 0.0385    ndcg@50 : 0.0505
Sat 09 May 2026 14:33:52 INFO  epoch 9 training [time: 288.71s, train loss: 2547.4668]
Sat 09 May 2026 14:34:09 INFO  epoch 9 evaluating [time: 17.03s, valid_score: 0.039900]
Sat 09 May 2026 14:34:09 INFO  valid result: 
recall@5 : 0.0399    recall@10 : 0.0633    recall@20 : 0.0933    recall@50 : 0.1511    ndcg@5 : 0.0236    ndcg@10 : 0.0312    ndcg@20 : 0.0387    ndcg@50 : 0.05
Sat 09 May 2026 14:38:58 INFO  epoch 10 training [time: 288.64s, train loss: 2513.9654]
Sat 09 May 2026 14:39:15 INFO  epoch 10 evaluating [time: 17.05s, valid_score: 0.040200]
Sat 09 May 2026 14:39:15 INFO  valid result: 
recall@5 : 0.0402    recall@10 : 0.0616    recall@20 : 0.0914    recall@50 : 0.1502    ndcg@5 : 0.0239    ndcg@10 : 0.0308    ndcg@20 : 0.0383    ndcg@50 : 0.0499
Sat 09 May 2026 14:44:03 INFO  epoch 11 training [time: 288.66s, train loss: 2482.1552]
Sat 09 May 2026 14:44:20 INFO  epoch 11 evaluating [time: 17.01s, valid_score: 0.039700]
Sat 09 May 2026 14:44:20 INFO  valid result: 
recall@5 : 0.0397    recall@10 : 0.0605    recall@20 : 0.0903    recall@50 : 0.148    ndcg@5 : 0.0234    ndcg@10 : 0.0302    ndcg@20 : 0.0377    ndcg@50 : 0.049
Sat 09 May 2026 14:49:09 INFO  epoch 12 training [time: 288.65s, train loss: 2449.3262]
Sat 09 May 2026 14:49:26 INFO  epoch 12 evaluating [time: 17.01s, valid_score: 0.038000]
Sat 09 May 2026 14:49:26 INFO  valid result: 
recall@5 : 0.038    recall@10 : 0.0598    recall@20 : 0.0907    recall@50 : 0.15    ndcg@5 : 0.0226    ndcg@10 : 0.0297    ndcg@20 : 0.0375    ndcg@50 : 0.0492
Sat 09 May 2026 14:49:26 INFO  Finished training, best eval result in epoch 2
Sat 09 May 2026 14:49:26 INFO  Loading model structure and parameters from saved/SGP-May-09-2026_13-43-10.pth
Sat 09 May 2026 14:49:43 INFO  best valid : OrderedDict({'recall@5': np.float64(0.0424), 'recall@10': np.float64(0.0665), 'recall@20': np.float64(0.1008), 'recall@50': np.float64(0.1659), 'ndcg@5': np.float64(0.0264), 'ndcg@10': np.float64(0.0341), 'ndcg@20': np.float64(0.0428), 'ndcg@50': np.float64(0.0556)})
Sat 09 May 2026 14:49:43 INFO  test result: OrderedDict({'recall@5': np.float64(0.0355), 'recall@10': np.float64(0.0559), 'recall@20': np.float64(0.0857), 'recall@50': np.float64(0.1373), 'ndcg@5': np.float64(0.0222), 'ndcg@10': np.float64(0.0288), 'ndcg@20': np.float64(0.0363), 'ndcg@50': np.float64(0.0465)})
Sat 09 May 2026 14:49:43 INFO  Write log to /kaggle/SGP4SR/log/SGP/SGP-baby_modern_raw_unzip-May-09-2026_13-42-25-6c6be4.log
Sat 09 May 2026 14:49:43 INFO  Results saved to results/SGP-baby_modern_raw_unzip-2026-05-09_14-49-43.json
