Sat 09 May 2026 16:11:37 INFO  
General Hyper Parameters:
gpu_id = 0
use_gpu = True
seed = 2020
state = INFO
reproducibility = True
data_path = dataset/baby_modern_raw_unzip
checkpoint_dir = saved
show_progress = True
save_dataset = False
dataset_save_path = None
save_dataloaders = False
dataloaders_save_path = None
log_wandb = False

Training Hyper Parameters:
epochs = 20
train_batch_size = 512
learner = adam
learning_rate = 0.0005
train_neg_sample_args = {'distribution': 'none', 'sample_num': 'none', 'alpha': 'none', 'dynamic': False, 'candidate_num': 0}
eval_step = 1
stopping_step = 10
clip_grad_norm = None
weight_decay = 1e-05
loss_decimal_place = 4

Evaluation Hyper Parameters:
eval_args = {'split': {'LS': 'valid_and_test'}, 'order': 'TO', 'group_by': 'user', 'mode': {'valid': 'full', 'test': 'full'}}
repeatable = True
metrics = ['Recall', 'NDCG']
topk = [5, 10, 20, 50]
valid_metric = Recall@5
valid_metric_bigger = True
eval_batch_size = 1024
metric_decimal_place = 4

Dataset Hyper Parameters:
field_separator = 	
seq_separator =  
USER_ID_FIELD = user_id
ITEM_ID_FIELD = item_id
RATING_FIELD = rating
TIME_FIELD = timestamp
seq_len = None
LABEL_FIELD = label
threshold = None
NEG_PREFIX = neg_
load_col = {'inter': ['user_id', 'item_id_list', 'item_id']}
unload_col = None
unused_col = None
additional_feat_suffix = None
rm_dup_inter = None
val_interval = None
filter_inter_by_user_or_item = True
user_inter_num_interval = [0,inf)
item_inter_num_interval = [0,inf)
alias_of_user_id = None
alias_of_item_id = ['item_id_list']
alias_of_entity_id = None
alias_of_relation_id = None
preload_weight = None
normalize_field = None
normalize_all = None
ITEM_LIST_LENGTH_FIELD = item_length
LIST_SUFFIX = _list
MAX_ITEM_LIST_LENGTH = 123
POSITION_FIELD = position_id
HEAD_ENTITY_ID_FIELD = head_id
TAIL_ENTITY_ID_FIELD = tail_id
RELATION_ID_FIELD = relation_id
ENTITY_ID_FIELD = entity_id
benchmark_filename = ['train', 'valid', 'test']

Other Hyper Parameters: 
worker = 0
wandb_project = recbole
shuffle = True
require_pow = False
enable_amp = False
enable_scaler = False
transform = None
numerical_features = []
discretization = None
kg_reverse_r = False
entity_kg_num_interval = [0,inf)
relation_kg_num_interval = [0,inf)
MODEL_TYPE = ModelType.SEQUENTIAL
n_layers = 2
n_heads = 4
hidden_size = 300
inner_size = 600
hidden_dropout_prob = 0.4
attn_dropout_prob = 0.4
hidden_act = gelu
layer_norm_eps = 1e-12
initializer_range = 0.02
loss_type = CE
means_k = 50
knn_k = 10
bal = 5
miu_c = 0.3
miu_m = 2.5
mb = 0.1
item_drop_ratio = 0.1
item_drop_coefficient = 0.9
lambda = 0.001
gamma = 0.0001
text_suffix = text
image_suffix = image
text_size = 768
image_size = 768
temperature = 0.07
neg_sampling = None
log_prefix = 
log_suffix = 
interest_ratio = 0.5
knn_local_ratio = 0.1
fix_enc = True
MODEL_INPUT_TYPE = InputType.POINTWISE
eval_type = EvaluatorType.RANKING
single_spec = True
local_rank = 0
device = cuda
valid_neg_sample_args = {'distribution': 'uniform', 'sample_num': 'none'}
test_neg_sample_args = {'distribution': 'uniform', 'sample_num': 'none'}


Sat 09 May 2026 16:11:38 INFO  baby_modern_raw_unzip
The number of users: 19358
Average actions of users: 7.2696698868626335
The number of items: 7016
Average actions of items: 20.059729151817535
The number of inters: 140719
The sparsity of the dataset: 99.89638976128008%
Remain Fields: ['user_id', 'item_id_list', 'item_id', 'item_length']
Sat 09 May 2026 16:11:40 INFO  [Training]: train_batch_size = [512] train_neg_sample_args: [{'distribution': 'none', 'sample_num': 'none', 'alpha': 'none', 'dynamic': False, 'candidate_num': 0}]
Sat 09 May 2026 16:11:40 INFO  [Evaluation]: eval_batch_size = [1024] eval_args: [{'split': {'LS': 'valid_and_test'}, 'order': 'TO', 'group_by': 'user', 'mode': {'valid': 'full', 'test': 'full'}}]
Sat 09 May 2026 16:12:21 INFO  SGP(
  (pos_emb): Embedding(123, 300)
  (emb_dropout): Dropout(p=0.4, inplace=False)
  (last_layernorm): LayerNorm((300,), eps=1e-08, elementwise_affine=True)
  (item_embedding): Embedding(7016, 300, padding_idx=0)
  (aug_nce_fct): CrossEntropyLoss()
  (sem_aug_nce_fct): CrossEntropyLoss()
  (LayerNorm): LayerNorm((300,), eps=1e-12, elementwise_affine=True)
  (attention_layernorms): ModuleList(
    (0-1): 2 x LayerNorm((300,), eps=1e-08, elementwise_affine=True)
  )
  (attention_layers): ModuleList(
    (0-1): 2 x MultiheadAttention(
      (out_proj): NonDynamicallyQuantizableLinear(in_features=300, out_features=300, bias=True)
    )
  )
  (forward_layernorms): ModuleList(
    (0-1): 2 x LayerNorm((300,), eps=1e-08, elementwise_affine=True)
  )
  (forward_layers): ModuleList(
    (0-1): 2 x PointWiseFeedForward(
      (conv1): Conv1d(300, 300, kernel_size=(1,), stride=(1,))
      (dropout1): Dropout(p=0.4, inplace=False)
      (relu): ReLU()
      (conv2): Conv1d(300, 300, kernel_size=(1,), stride=(1,))
      (dropout2): Dropout(p=0.4, inplace=False)
    )
  )
  (image_embedding): Embedding(7016, 768, padding_idx=0)
  (text_embedding): Embedding(7016, 768, padding_idx=0)
  (loss_fct): CrossEntropyLoss()
)
Trainable parameters: 3228900
Sat 09 May 2026 16:17:10 INFO  epoch 0 training [time: 288.03s, train loss: 3341.4662]
Sat 09 May 2026 16:17:27 INFO  epoch 0 evaluating [time: 17.23s, valid_score: 0.025900]
Sat 09 May 2026 16:17:27 INFO  valid result: 
recall@5 : 0.0259    recall@10 : 0.0426    recall@20 : 0.0676    recall@50 : 0.1221    ndcg@5 : 0.0167    ndcg@10 : 0.0221    ndcg@20 : 0.0284    ndcg@50 : 0.0391
Sat 09 May 2026 16:17:27 INFO  Saving current: saved/SGP-May-09-2026_16-12-21.pth
Sat 09 May 2026 16:22:17 INFO  epoch 1 training [time: 289.60s, train loss: 3172.0234]
Sat 09 May 2026 16:22:34 INFO  epoch 1 evaluating [time: 17.16s, valid_score: 0.037600]
Sat 09 May 2026 16:22:34 INFO  valid result: 
recall@5 : 0.0376    recall@10 : 0.0589    recall@20 : 0.0887    recall@50 : 0.1515    ndcg@5 : 0.024    ndcg@10 : 0.0309    ndcg@20 : 0.0384    ndcg@50 : 0.0508
Sat 09 May 2026 16:22:34 INFO  Saving current: saved/SGP-May-09-2026_16-12-21.pth
Sat 09 May 2026 16:27:23 INFO  epoch 2 training [time: 289.20s, train loss: 3073.5369]
Sat 09 May 2026 16:27:41 INFO  epoch 2 evaluating [time: 17.12s, valid_score: 0.041300]
Sat 09 May 2026 16:27:41 INFO  valid result: 
recall@5 : 0.0413    recall@10 : 0.0663    recall@20 : 0.0987    recall@50 : 0.1624    ndcg@5 : 0.0266    ndcg@10 : 0.0346    ndcg@20 : 0.0427    ndcg@50 : 0.0553
Sat 09 May 2026 16:27:41 INFO  Saving current: saved/SGP-May-09-2026_16-12-21.pth
Sat 09 May 2026 16:32:30 INFO  epoch 3 training [time: 289.25s, train loss: 2997.1308]
Sat 09 May 2026 16:32:47 INFO  epoch 3 evaluating [time: 17.07s, valid_score: 0.042600]
Sat 09 May 2026 16:32:47 INFO  valid result: 
recall@5 : 0.0426    recall@10 : 0.0673    recall@20 : 0.1017    recall@50 : 0.1666    ndcg@5 : 0.0272    ndcg@10 : 0.0351    ndcg@20 : 0.0437    ndcg@50 : 0.0566
Sat 09 May 2026 16:32:47 INFO  Saving current: saved/SGP-May-09-2026_16-12-21.pth
Sat 09 May 2026 16:37:36 INFO  epoch 4 training [time: 288.98s, train loss: 2930.9245]
Sat 09 May 2026 16:37:53 INFO  epoch 4 evaluating [time: 17.14s, valid_score: 0.041000]
Sat 09 May 2026 16:37:53 INFO  valid result: 
recall@5 : 0.041    recall@10 : 0.0673    recall@20 : 0.1035    recall@50 : 0.1675    ndcg@5 : 0.026    ndcg@10 : 0.0344    ndcg@20 : 0.0435    ndcg@50 : 0.0562
Sat 09 May 2026 16:42:42 INFO  epoch 5 training [time: 288.98s, train loss: 2871.8630]
Sat 09 May 2026 16:43:00 INFO  epoch 5 evaluating [time: 17.13s, valid_score: 0.042500]
Sat 09 May 2026 16:43:00 INFO  valid result: 
recall@5 : 0.0425    recall@10 : 0.0685    recall@20 : 0.1026    recall@50 : 0.1687    ndcg@5 : 0.0262    ndcg@10 : 0.0346    ndcg@20 : 0.0432    ndcg@50 : 0.0562
Sat 09 May 2026 16:47:49 INFO  epoch 6 training [time: 289.03s, train loss: 2818.3340]
Sat 09 May 2026 16:48:06 INFO  epoch 6 evaluating [time: 17.09s, valid_score: 0.042700]
Sat 09 May 2026 16:48:06 INFO  valid result: 
recall@5 : 0.0427    recall@10 : 0.068    recall@20 : 0.102    recall@50 : 0.169    ndcg@5 : 0.0257    ndcg@10 : 0.0339    ndcg@20 : 0.0424    ndcg@50 : 0.0556
Sat 09 May 2026 16:48:06 INFO  Saving current: saved/SGP-May-09-2026_16-12-21.pth
Sat 09 May 2026 16:52:55 INFO  epoch 7 training [time: 288.95s, train loss: 2768.8413]
Sat 09 May 2026 16:53:12 INFO  epoch 7 evaluating [time: 17.15s, valid_score: 0.042200]
Sat 09 May 2026 16:53:12 INFO  valid result: 
recall@5 : 0.0422    recall@10 : 0.0681    recall@20 : 0.1    recall@50 : 0.1639    ndcg@5 : 0.0252    ndcg@10 : 0.0334    ndcg@20 : 0.0414    ndcg@50 : 0.0541
Sat 09 May 2026 16:58:01 INFO  epoch 8 training [time: 289.07s, train loss: 2724.4020]
Sat 09 May 2026 16:58:18 INFO  epoch 8 evaluating [time: 17.10s, valid_score: 0.041300]
Sat 09 May 2026 16:58:18 INFO  valid result: 
recall@5 : 0.0413    recall@10 : 0.0678    recall@20 : 0.0989    recall@50 : 0.1632    ndcg@5 : 0.025    ndcg@10 : 0.0335    ndcg@20 : 0.0414    ndcg@50 : 0.054
Sat 09 May 2026 17:03:07 INFO  epoch 9 training [time: 289.00s, train loss: 2684.2279]
Sat 09 May 2026 17:03:24 INFO  epoch 9 evaluating [time: 17.13s, valid_score: 0.042700]
Sat 09 May 2026 17:03:24 INFO  valid result: 
recall@5 : 0.0427    recall@10 : 0.0659    recall@20 : 0.0984    recall@50 : 0.1633    ndcg@5 : 0.0254    ndcg@10 : 0.0329    ndcg@20 : 0.0411    ndcg@50 : 0.0539
Sat 09 May 2026 17:03:24 INFO  Saving current: saved/SGP-May-09-2026_16-12-21.pth
Sat 09 May 2026 17:08:13 INFO  epoch 10 training [time: 288.97s, train loss: 2646.9592]
Sat 09 May 2026 17:08:31 INFO  epoch 10 evaluating [time: 17.15s, valid_score: 0.042200]
Sat 09 May 2026 17:08:31 INFO  valid result: 
recall@5 : 0.0422    recall@10 : 0.0638    recall@20 : 0.0969    recall@50 : 0.1591    ndcg@5 : 0.0254    ndcg@10 : 0.0323    ndcg@20 : 0.0407    ndcg@50 : 0.053
Sat 09 May 2026 17:13:20 INFO  epoch 11 training [time: 289.01s, train loss: 2611.8343]
Sat 09 May 2026 17:13:37 INFO  epoch 11 evaluating [time: 17.14s, valid_score: 0.041600]
Sat 09 May 2026 17:13:37 INFO  valid result: 
recall@5 : 0.0416    recall@10 : 0.0648    recall@20 : 0.0948    recall@50 : 0.1565    ndcg@5 : 0.0247    ndcg@10 : 0.0321    ndcg@20 : 0.0397    ndcg@50 : 0.0519
Sat 09 May 2026 17:18:26 INFO  epoch 12 training [time: 288.92s, train loss: 2581.0607]
Sat 09 May 2026 17:18:43 INFO  epoch 12 evaluating [time: 17.11s, valid_score: 0.041300]
Sat 09 May 2026 17:18:43 INFO  valid result: 
recall@5 : 0.0413    recall@10 : 0.0655    recall@20 : 0.0958    recall@50 : 0.1563    ndcg@5 : 0.0249    ndcg@10 : 0.0327    ndcg@20 : 0.0403    ndcg@50 : 0.0522
Sat 09 May 2026 17:23:32 INFO  epoch 13 training [time: 288.77s, train loss: 2550.7213]
Sat 09 May 2026 17:23:49 INFO  epoch 13 evaluating [time: 17.11s, valid_score: 0.040900]
Sat 09 May 2026 17:23:49 INFO  valid result: 
recall@5 : 0.0409    recall@10 : 0.0649    recall@20 : 0.0943    recall@50 : 0.1557    ndcg@5 : 0.0244    ndcg@10 : 0.0321    ndcg@20 : 0.0395    ndcg@50 : 0.0516
Sat 09 May 2026 17:28:38 INFO  epoch 14 training [time: 288.87s, train loss: 2524.4656]
Sat 09 May 2026 17:28:55 INFO  epoch 14 evaluating [time: 17.06s, valid_score: 0.040500]
Sat 09 May 2026 17:28:55 INFO  valid result: 
recall@5 : 0.0405    recall@10 : 0.0645    recall@20 : 0.0952    recall@50 : 0.1555    ndcg@5 : 0.0241    ndcg@10 : 0.0318    ndcg@20 : 0.0395    ndcg@50 : 0.0514
Sat 09 May 2026 17:33:43 INFO  epoch 15 training [time: 288.90s, train loss: 2498.3105]
Sat 09 May 2026 17:34:01 INFO  epoch 15 evaluating [time: 17.10s, valid_score: 0.039700]
Sat 09 May 2026 17:34:01 INFO  valid result: 
recall@5 : 0.0397    recall@10 : 0.064    recall@20 : 0.0936    recall@50 : 0.1528    ndcg@5 : 0.0237    ndcg@10 : 0.0315    ndcg@20 : 0.039    ndcg@50 : 0.0507
Sat 09 May 2026 17:38:49 INFO  epoch 16 training [time: 288.83s, train loss: 2475.4541]
Sat 09 May 2026 17:39:07 INFO  epoch 16 evaluating [time: 17.12s, valid_score: 0.040800]
Sat 09 May 2026 17:39:07 INFO  valid result: 
recall@5 : 0.0408    recall@10 : 0.063    recall@20 : 0.0928    recall@50 : 0.1518    ndcg@5 : 0.0244    ndcg@10 : 0.0315    ndcg@20 : 0.039    ndcg@50 : 0.0506
Sat 09 May 2026 17:43:55 INFO  epoch 17 training [time: 288.82s, train loss: 2451.9333]
Sat 09 May 2026 17:44:12 INFO  epoch 17 evaluating [time: 17.10s, valid_score: 0.039200]
Sat 09 May 2026 17:44:12 INFO  valid result: 
recall@5 : 0.0392    recall@10 : 0.0621    recall@20 : 0.0915    recall@50 : 0.152    ndcg@5 : 0.0233    ndcg@10 : 0.0307    ndcg@20 : 0.0381    ndcg@50 : 0.05
Sat 09 May 2026 17:49:01 INFO  epoch 18 training [time: 288.79s, train loss: 2432.1435]
Sat 09 May 2026 17:49:18 INFO  epoch 18 evaluating [time: 17.07s, valid_score: 0.039200]
Sat 09 May 2026 17:49:18 INFO  valid result: 
recall@5 : 0.0392    recall@10 : 0.0621    recall@20 : 0.0916    recall@50 : 0.1517    ndcg@5 : 0.0233    ndcg@10 : 0.0307    ndcg@20 : 0.0381    ndcg@50 : 0.05
Sat 09 May 2026 17:54:07 INFO  epoch 19 training [time: 288.77s, train loss: 2413.1077]
Sat 09 May 2026 17:54:24 INFO  epoch 19 evaluating [time: 17.10s, valid_score: 0.038600]
Sat 09 May 2026 17:54:24 INFO  valid result: 
recall@5 : 0.0386    recall@10 : 0.0604    recall@20 : 0.0915    recall@50 : 0.1482    ndcg@5 : 0.0233    ndcg@10 : 0.0303    ndcg@20 : 0.0382    ndcg@50 : 0.0494
Sat 09 May 2026 17:54:24 INFO  Loading model structure and parameters from saved/SGP-May-09-2026_16-12-21.pth
Sat 09 May 2026 17:54:41 INFO  best valid : OrderedDict({'recall@5': np.float64(0.0427), 'recall@10': np.float64(0.0659), 'recall@20': np.float64(0.0984), 'recall@50': np.float64(0.1633), 'ndcg@5': np.float64(0.0254), 'ndcg@10': np.float64(0.0329), 'ndcg@20': np.float64(0.0411), 'ndcg@50': np.float64(0.0539)})
Sat 09 May 2026 17:54:41 INFO  test result: OrderedDict({'recall@5': np.float64(0.0335), 'recall@10': np.float64(0.0559), 'recall@20': np.float64(0.083), 'recall@50': np.float64(0.1364), 'ndcg@5': np.float64(0.021), 'ndcg@10': np.float64(0.0282), 'ndcg@20': np.float64(0.035), 'ndcg@50': np.float64(0.0456)})
Sat 09 May 2026 17:54:41 INFO  Write log to /kaggle/SGP4SR/log/SGP/SGP-baby_modern_raw_unzip-May-09-2026_16-11-37-26bbc5.log
Sat 09 May 2026 17:54:41 INFO  Results saved to results/SGP-baby_modern_raw_unzip-2026-05-09_17-54-41.json
