Sat 09 May 2026 15:00:16 INFO  
General Hyper Parameters:
gpu_id = 0
use_gpu = True
seed = 2020
state = INFO
reproducibility = True
data_path = dataset/baby_modern_raw_unzip
checkpoint_dir = saved
show_progress = True
save_dataset = False
dataset_save_path = None
save_dataloaders = False
dataloaders_save_path = None
log_wandb = False

Training Hyper Parameters:
epochs = 10
train_batch_size = 512
learner = adam
learning_rate = 0.0003
train_neg_sample_args = {'distribution': 'none', 'sample_num': 'none', 'alpha': 'none', 'dynamic': False, 'candidate_num': 0}
eval_step = 1
stopping_step = 10
clip_grad_norm = None
weight_decay = 1e-05
loss_decimal_place = 4

Evaluation Hyper Parameters:
eval_args = {'split': {'LS': 'valid_and_test'}, 'order': 'TO', 'group_by': 'user', 'mode': {'valid': 'full', 'test': 'full'}}
repeatable = True
metrics = ['Recall', 'NDCG']
topk = [5, 10, 20, 50]
valid_metric = Recall@5
valid_metric_bigger = True
eval_batch_size = 1024
metric_decimal_place = 4

Dataset Hyper Parameters:
field_separator = 	
seq_separator =  
USER_ID_FIELD = user_id
ITEM_ID_FIELD = item_id
RATING_FIELD = rating
TIME_FIELD = timestamp
seq_len = None
LABEL_FIELD = label
threshold = None
NEG_PREFIX = neg_
load_col = {'inter': ['user_id', 'item_id_list', 'item_id']}
unload_col = None
unused_col = None
additional_feat_suffix = None
rm_dup_inter = None
val_interval = None
filter_inter_by_user_or_item = True
user_inter_num_interval = [0,inf)
item_inter_num_interval = [0,inf)
alias_of_user_id = None
alias_of_item_id = ['item_id_list']
alias_of_entity_id = None
alias_of_relation_id = None
preload_weight = None
normalize_field = None
normalize_all = None
ITEM_LIST_LENGTH_FIELD = item_length
LIST_SUFFIX = _list
MAX_ITEM_LIST_LENGTH = 123
POSITION_FIELD = position_id
HEAD_ENTITY_ID_FIELD = head_id
TAIL_ENTITY_ID_FIELD = tail_id
RELATION_ID_FIELD = relation_id
ENTITY_ID_FIELD = entity_id
benchmark_filename = ['train', 'valid', 'test']

Other Hyper Parameters: 
worker = 0
wandb_project = recbole
shuffle = True
require_pow = False
enable_amp = False
enable_scaler = False
transform = None
numerical_features = []
discretization = None
kg_reverse_r = False
entity_kg_num_interval = [0,inf)
relation_kg_num_interval = [0,inf)
MODEL_TYPE = ModelType.SEQUENTIAL
n_layers = 2
n_heads = 4
hidden_size = 300
inner_size = 600
hidden_dropout_prob = 0.4
attn_dropout_prob = 0.4
hidden_act = gelu
layer_norm_eps = 1e-12
initializer_range = 0.02
loss_type = CE
means_k = 50
knn_k = 10
bal = 5
miu_c = 0.3
miu_m = 2.5
mb = 0.1
item_drop_ratio = 0.1
item_drop_coefficient = 0.9
lambda = 0.001
gamma = 0.0001
text_suffix = text
image_suffix = image
text_size = 768
image_size = 768
temperature = 0.07
neg_sampling = None
log_prefix = 
log_suffix = 
interest_ratio = 0.5
knn_local_ratio = 0.1
fix_enc = True
MODEL_INPUT_TYPE = InputType.POINTWISE
eval_type = EvaluatorType.RANKING
single_spec = True
local_rank = 0
device = cuda
valid_neg_sample_args = {'distribution': 'uniform', 'sample_num': 'none'}
test_neg_sample_args = {'distribution': 'uniform', 'sample_num': 'none'}


Sat 09 May 2026 15:00:18 INFO  baby_modern_raw_unzip
The number of users: 19358
Average actions of users: 7.2696698868626335
The number of items: 7016
Average actions of items: 20.059729151817535
The number of inters: 140719
The sparsity of the dataset: 99.89638976128008%
Remain Fields: ['user_id', 'item_id_list', 'item_id', 'item_length']
Sat 09 May 2026 15:00:20 INFO  [Training]: train_batch_size = [512] train_neg_sample_args: [{'distribution': 'none', 'sample_num': 'none', 'alpha': 'none', 'dynamic': False, 'candidate_num': 0}]
Sat 09 May 2026 15:00:20 INFO  [Evaluation]: eval_batch_size = [1024] eval_args: [{'split': {'LS': 'valid_and_test'}, 'order': 'TO', 'group_by': 'user', 'mode': {'valid': 'full', 'test': 'full'}}]
Sat 09 May 2026 15:01:00 INFO  SGP(
  (pos_emb): Embedding(123, 300)
  (emb_dropout): Dropout(p=0.4, inplace=False)
  (last_layernorm): LayerNorm((300,), eps=1e-08, elementwise_affine=True)
  (item_embedding): Embedding(7016, 300, padding_idx=0)
  (aug_nce_fct): CrossEntropyLoss()
  (sem_aug_nce_fct): CrossEntropyLoss()
  (LayerNorm): LayerNorm((300,), eps=1e-12, elementwise_affine=True)
  (attention_layernorms): ModuleList(
    (0-1): 2 x LayerNorm((300,), eps=1e-08, elementwise_affine=True)
  )
  (attention_layers): ModuleList(
    (0-1): 2 x MultiheadAttention(
      (out_proj): NonDynamicallyQuantizableLinear(in_features=300, out_features=300, bias=True)
    )
  )
  (forward_layernorms): ModuleList(
    (0-1): 2 x LayerNorm((300,), eps=1e-08, elementwise_affine=True)
  )
  (forward_layers): ModuleList(
    (0-1): 2 x PointWiseFeedForward(
      (conv1): Conv1d(300, 300, kernel_size=(1,), stride=(1,))
      (dropout1): Dropout(p=0.4, inplace=False)
      (relu): ReLU()
      (conv2): Conv1d(300, 300, kernel_size=(1,), stride=(1,))
      (dropout2): Dropout(p=0.4, inplace=False)
    )
  )
  (image_embedding): Embedding(7016, 768, padding_idx=0)
  (text_embedding): Embedding(7016, 768, padding_idx=0)
  (loss_fct): CrossEntropyLoss()
)
Trainable parameters: 3228900
Sat 09 May 2026 15:01:03 INFO  Smoke train completed for 1 steps. losses=[17.60701560974121]
